<?xml version="1.0" encoding="UTF-8"?>
<!-- Generated by org.testng.reporters.JUnitXMLReporter -->
<testsuite hostname="LAPTOP-C5CTO61G" ignored="2" name="Default test" tests="1" failures="0" timestamp="2023-02-07T17:36:50 IST" time="32.178" errors="0">
  <testcase name="File_Download" time="26.398" classname="selenium.FileUpload_Download_Popup"/>
  <testcase name="File_Upload_Using_AutoitTool" time="0.0" classname="selenium.FileUpload_Download_Popup">
    <ignored/>
  </testcase> <!-- File_Upload_Using_AutoitTool -->
  <testcase name="File_Upload_Using_SendKeys" time="0.0" classname="selenium.FileUpload_Download_Popup">
    <ignored/>
  </testcase> <!-- File_Upload_Using_SendKeys -->
</testsuite> <!-- Default test -->
