<?xml version="1.0" encoding="UTF-8"?>
<testng-results skipped="0" failed="0" ignored="2" total="3" passed="1">
  <reporter-output>
  </reporter-output>
  <suite name="Default suite" duration-ms="32178" started-at="2023-02-07T17:36:17 IST" finished-at="2023-02-07T17:36:50 IST">
    <groups>
    </groups>
    <test name="Default test" duration-ms="32178" started-at="2023-02-07T17:36:17 IST" finished-at="2023-02-07T17:36:50 IST">
      <class name="selenium.FileUpload_Download_Popup">
        <test-method status="PASS" signature="setup()[pri:0, instance:selenium.FileUpload_Download_Popup@66d1af89]" name="setup" is-config="true" duration-ms="5656" started-at="2023-02-07T17:36:18 IST" finished-at="2023-02-07T17:36:23 IST">
          <reporter-output>
          </reporter-output>
        </test-method> <!-- setup -->
        <test-method status="PASS" signature="File_Download()[pri:0, instance:selenium.FileUpload_Download_Popup@66d1af89]" name="File_Download" duration-ms="26398" started-at="2023-02-07T17:36:23 IST" finished-at="2023-02-07T17:36:50 IST">
          <reporter-output>
          </reporter-output>
        </test-method> <!-- File_Download -->
      </class> <!-- selenium.FileUpload_Download_Popup -->
    </test> <!-- Default test -->
  </suite> <!-- Default suite -->
</testng-results>
